<?xml version="1.0" encoding="UTF-8"?>
<testng-results ignored="0" total="1" passed="1" failed="0" skipped="0">
  <reporter-output>
  </reporter-output>
  <suite started-at="2025-08-18T12:40:02 IST" name="Default suite" finished-at="2025-08-18T12:40:13 IST" duration-ms="11253">
    <groups>
    </groups>
    <test started-at="2025-08-18T12:40:02 IST" name="Default test" finished-at="2025-08-18T12:40:13 IST" duration-ms="11253">
      <class name="main.FirstTestTestNG">
        <test-method is-config="true" signature="testSetup()[pri:0, instance:main.FirstTestTestNG@4d1c00d0]" started-at="2025-08-18T12:40:02 IST" name="testSetup" finished-at="2025-08-18T12:40:09 IST" duration-ms="6718" status="PASS">
          <reporter-output>
          </reporter-output>
        </test-method> <!-- testSetup -->
        <test-method is-config="true" signature="openBrowser()[pri:0, instance:main.FirstTestTestNG@4d1c00d0]" started-at="2025-08-18T12:40:09 IST" name="openBrowser" finished-at="2025-08-18T12:40:10 IST" duration-ms="826" status="PASS">
          <reporter-output>
          </reporter-output>
        </test-method> <!-- openBrowser -->
        <test-method signature="signUp()[pri:0, instance:main.FirstTestTestNG@4d1c00d0]" started-at="2025-08-18T12:40:10 IST" name="signUp" description="This method validates the sign up functionality" finished-at="2025-08-18T12:40:12 IST" duration-ms="2039" status="PASS">
          <reporter-output>
          </reporter-output>
        </test-method> <!-- signUp -->
        <test-method is-config="true" signature="afterClass()[pri:0, instance:main.FirstTestTestNG@4d1c00d0]" started-at="2025-08-18T12:40:12 IST" name="afterClass" finished-at="2025-08-18T12:40:13 IST" duration-ms="1511" status="PASS">
          <reporter-output>
          </reporter-output>
        </test-method> <!-- afterClass -->
      </class> <!-- main.FirstTestTestNG -->
    </test> <!-- Default test -->
  </suite> <!-- Default suite -->
</testng-results>
