<?xml version="1.0" encoding="UTF-8"?>
<testng-results ignored="0" total="1" passed="1" failed="0" skipped="0">
  <reporter-output>
  </reporter-output>
  <suite started-at="2025-08-22T23:58:38 IST" name="Default Suite" finished-at="2025-08-22T23:58:48 IST" duration-ms="10231">
    <groups>
    </groups>
    <test started-at="2025-08-22T23:58:38 IST" name="TestNG1" finished-at="2025-08-22T23:58:48 IST" duration-ms="10231">
      <class name="TestNG1">
        <test-method is-config="true" signature="testSetup()[pri:0, instance:TestNG1@175c2241]" started-at="2025-08-22T23:58:38 IST" name="testSetup" finished-at="2025-08-22T23:58:45 IST" duration-ms="7774" status="PASS">
          <reporter-output>
          </reporter-output>
        </test-method> <!-- testSetup -->
        <test-method is-config="true" signature="openBrowser()[pri:0, instance:TestNG1@175c2241]" started-at="2025-08-22T23:58:46 IST" name="openBrowser" finished-at="2025-08-22T23:58:46 IST" duration-ms="608" status="PASS">
          <reporter-output>
          </reporter-output>
        </test-method> <!-- openBrowser -->
        <test-method signature="signUp()[pri:0, instance:TestNG1@175c2241]" started-at="2025-08-22T23:58:46 IST" name="signUp" description="This method validates the sign up functionality" finished-at="2025-08-22T23:58:47 IST" duration-ms="1083" status="PASS">
          <reporter-output>
          </reporter-output>
        </test-method> <!-- signUp -->
        <test-method is-config="true" signature="afterClass()[pri:0, instance:TestNG1@175c2241]" started-at="2025-08-22T23:58:47 IST" name="afterClass" finished-at="2025-08-22T23:58:48 IST" duration-ms="638" status="PASS">
          <reporter-output>
          </reporter-output>
        </test-method> <!-- afterClass -->
      </class> <!-- TestNG1 -->
    </test> <!-- TestNG1 -->
  </suite> <!-- Default Suite -->
</testng-results>
