<?xml version="1.0" encoding="UTF-8"?>
<testng-results ignored="0" total="4" passed="4" failed="0" skipped="0">
  <reporter-output>
  </reporter-output>
  <suite started-at="2025-08-18T13:16:02 IST" name="Default suite" finished-at="2025-08-18T13:16:02 IST" duration-ms="191">
    <groups>
    </groups>
    <test started-at="2025-08-18T13:16:02 IST" name="Default test" finished-at="2025-08-18T13:16:02 IST" duration-ms="191">
      <class name="com.example.main.NewTest">
        <test-method is-config="true" signature="setUp()[pri:0, instance:com.example.main.NewTest@35cabb2a]" started-at="2025-08-18T13:16:02 IST" name="setUp" finished-at="2025-08-18T13:16:02 IST" duration-ms="22" status="PASS">
          <reporter-output>
          </reporter-output>
        </test-method> <!-- setUp -->
        <test-method signature="testdiv()[pri:1, instance:com.example.main.NewTest@35cabb2a]" started-at="2025-08-18T13:16:02 IST" name="testdiv" finished-at="2025-08-18T13:16:02 IST" duration-ms="27" status="PASS">
          <reporter-output>
          </reporter-output>
        </test-method> <!-- testdiv -->
        <test-method signature="testmul()[pri:2, instance:com.example.main.NewTest@35cabb2a]" started-at="2025-08-18T13:16:02 IST" name="testmul" finished-at="2025-08-18T13:16:02 IST" duration-ms="5" status="PASS">
          <reporter-output>
          </reporter-output>
        </test-method> <!-- testmul -->
        <test-method signature="testSubtract()[pri:3, instance:com.example.main.NewTest@35cabb2a]" started-at="2025-08-18T13:16:02 IST" name="testSubtract" finished-at="2025-08-18T13:16:02 IST" duration-ms="5" status="PASS">
          <reporter-output>
          </reporter-output>
        </test-method> <!-- testSubtract -->
        <test-method signature="testAdd()[pri:4, instance:com.example.main.NewTest@35cabb2a]" started-at="2025-08-18T13:16:02 IST" name="testAdd" finished-at="2025-08-18T13:16:02 IST" duration-ms="5" status="PASS">
          <reporter-output>
          </reporter-output>
        </test-method> <!-- testAdd -->
      </class> <!-- com.example.main.NewTest -->
    </test> <!-- Default test -->
  </suite> <!-- Default suite -->
</testng-results>
