<?xml version="1.0" encoding="UTF-8"?>
<!-- Generated by org.testng.reporters.JUnitXMLReporter -->
<testsuite ignored="0" hostname="DESKTOP-CJSKQI6" failures="0" tests="4" name="Default test" time="0.191" errors="0" timestamp="2025-08-18T13:16:02 IST">
  <testcase classname="com.example.main.NewTest" name="testdiv" time="0.027"/>
  <testcase classname="com.example.main.NewTest" name="testmul" time="0.005"/>
  <testcase classname="com.example.main.NewTest" name="testSubtract" time="0.005"/>
  <testcase classname="com.example.main.NewTest" name="testAdd" time="0.005"/>
</testsuite> <!-- Default test -->
